Determining if the pthread_create exist failed with the following output:
Change Dir: /home/willian/Documents/algo/uno/unoAlgoProject/build/CMakeFiles/CMakeTmp

Run Build Command:"/usr/bin/make" "cmTC_97e12/fast"
/usr/bin/make -f CMakeFiles/cmTC_97e12.dir/build.make CMakeFiles/cmTC_97e12.dir/build
make[1]: Entering directory '/home/willian/Documents/algo/uno/unoAlgoProject/build/CMakeFiles/CMakeTmp'
Building C object CMakeFiles/cmTC_97e12.dir/CheckSymbolExists.c.o
/usr/bin/cc     -o CMakeFiles/cmTC_97e12.dir/CheckSymbolExists.c.o   -c /home/willian/Documents/algo/uno/unoAlgoProject/build/CMakeFiles/CMakeTmp/CheckSymbolExists.c
Linking C executable cmTC_97e12
/usr/bin/cmake -E cmake_link_script CMakeFiles/cmTC_97e12.dir/link.txt --verbose=1
/usr/bin/cc       CMakeFiles/cmTC_97e12.dir/CheckSymbolExists.c.o  -o cmTC_97e12 
CMakeFiles/cmTC_97e12.dir/CheckSymbolExists.c.o: In function `main':
CheckSymbolExists.c:(.text+0x16): undefined reference to `pthread_create'
collect2: error: ld returned 1 exit status
make[1]: *** [CMakeFiles/cmTC_97e12.dir/build.make:98: cmTC_97e12] Error 1
make[1]: Leaving directory '/home/willian/Documents/algo/uno/unoAlgoProject/build/CMakeFiles/CMakeTmp'
make: *** [Makefile:126: cmTC_97e12/fast] Error 2

File /home/willian/Documents/algo/uno/unoAlgoProject/build/CMakeFiles/CMakeTmp/CheckSymbolExists.c:
/* */
#include <pthread.h>

int main(int argc, char** argv)
{
  (void)argv;
#ifndef pthread_create
  return ((int*)(&pthread_create))[argc];
#else
  (void)argc;
  return 0;
#endif
}

Determining if the function pthread_create exists in the pthreads failed with the following output:
Change Dir: /home/willian/Documents/algo/uno/unoAlgoProject/build/CMakeFiles/CMakeTmp

Run Build Command:"/usr/bin/make" "cmTC_05808/fast"
/usr/bin/make -f CMakeFiles/cmTC_05808.dir/build.make CMakeFiles/cmTC_05808.dir/build
make[1]: Entering directory '/home/willian/Documents/algo/uno/unoAlgoProject/build/CMakeFiles/CMakeTmp'
Building C object CMakeFiles/cmTC_05808.dir/CheckFunctionExists.c.o
/usr/bin/cc    -DCHECK_FUNCTION_EXISTS=pthread_create   -o CMakeFiles/cmTC_05808.dir/CheckFunctionExists.c.o   -c /usr/share/cmake-3.6/Modules/CheckFunctionExists.c
Linking C executable cmTC_05808
/usr/bin/cmake -E cmake_link_script CMakeFiles/cmTC_05808.dir/link.txt --verbose=1
/usr/bin/cc   -DCHECK_FUNCTION_EXISTS=pthread_create    CMakeFiles/cmTC_05808.dir/CheckFunctionExists.c.o  -o cmTC_05808 -lpthreads 
/usr/bin/ld: cannot find -lpthreads
collect2: error: ld returned 1 exit status
make[1]: *** [CMakeFiles/cmTC_05808.dir/build.make:98: cmTC_05808] Error 1
make[1]: Leaving directory '/home/willian/Documents/algo/uno/unoAlgoProject/build/CMakeFiles/CMakeTmp'
make: *** [Makefile:126: cmTC_05808/fast] Error 2


